{"zonedDateTime":"2023-12-15T11:37:12.349304+01:00","level":"WARNING","message":"cMwcSTYruXZLzEb"}
{"zonedDateTime":"2023-12-15T11:37:12.349396+01:00","level":"WARNING","message":"vBkVnuEyxAKfJHp"}
{"zonedDateTime":"2023-12-15T11:37:12.349399+01:00","level":"INFO","message":"XyHLJIWISMWTpUb"}
{"zonedDateTime":"2023-12-15T11:37:13.390867+01:00","level":"ERROR","message":"AnxmEvPjhNANaNN"}
{"zonedDateTime":"2023-12-15T11:37:13.390867+01:00","level":"ERROR","message":"nwnqRKXSBUoBJju"}
{"zonedDateTime":"2023-12-15T11:37:13.391801+01:00","level":"ERROR","message":"YfFTXqTUqYKMODq"}
{"zonedDateTime":"2023-12-15T11:37:14.398342+01:00","level":"ERROR","message":"DgoeOoaZmfiPFaH"}
{"zonedDateTime":"2023-12-15T11:37:14.398478+01:00","level":"WARNING","message":"dIubNsOHmwkJwJh"}
{"zonedDateTime":"2023-12-15T11:37:14.398342+01:00","level":"INFO","message":"HeYQVJFXxSJLYRi"}
{"zonedDateTime":"2023-12-15T11:37:15.405055+01:00","level":"INFO","message":"SXIZgYOJBzxGyzi"}
{"zonedDateTime":"2023-12-15T11:37:15.405055+01:00","level":"ERROR","message":"PYIPuHeMWfQWysS"}
{"zonedDateTime":"2023-12-15T11:37:15.405052+01:00","level":"INFO","message":"klZIVsaheuPXGgN"}
{"zonedDateTime":"2023-12-15T11:37:16.411421+01:00","level":"INFO","message":"hxVonEauIMbstJw"}
{"zonedDateTime":"2023-12-15T11:37:16.412861+01:00","level":"INFO","message":"GSDFsIyBxCAcfNl"}
{"zonedDateTime":"2023-12-15T11:37:16.412849+01:00","level":"WARNING","message":"NyiwPmyIHvbXxwh"}
{"zonedDateTime":"2023-12-15T11:37:17.417525+01:00","level":"WARNING","message":"gdLkzwCpnwcnFzY"}
{"zonedDateTime":"2023-12-15T11:37:17.421423+01:00","level":"WARNING","message":"cDGWaIRnksDcNNG"}
{"zonedDateTime":"2023-12-15T11:37:17.418097+01:00","level":"ERROR","message":"WftaosEJfhVmWcb"}
{"zonedDateTime":"2023-12-15T11:37:18.424349+01:00","level":"ERROR","message":"XGxcKtjNFbSkynG"}
{"zonedDateTime":"2023-12-15T11:37:18.429658+01:00","level":"WARNING","message":"PDywpiRhLYzaXgy"}
{"zonedDateTime":"2023-12-15T11:37:18.430881+01:00","level":"INFO","message":"HhfgsToWhutOnmE"}
{"zonedDateTime":"2023-12-15T11:37:19.431347+01:00","level":"ERROR","message":"RIFaxNjMxYoCMfR"}
{"zonedDateTime":"2023-12-15T11:37:19.431653+01:00","level":"INFO","message":"UwAdPbrwuIWjWru"}
{"zonedDateTime":"2023-12-15T11:37:19.434052+01:00","level":"ERROR","message":"UfmyeOWryxOFjoA"}
